[RUN] SELECT "lob", SUM(COALESCE(TRY_CAST("gwp" AS DOUBLE), 0)) AS total_gwp, SUM(COALESCE(TRY_CAST("nwp" AS DOUBLE), 0)) AS total_nwp FROM "dataset_view" GROUP BY "lob"
[RUN] SELECT "lob", (SUM(COALESCE(TRY_CAST("nwp" AS DOUBLE), 0)) / NULLIF(SUM(COALESCE(TRY_CAST("gwp" AS DOUBLE), 0)), 0)) * 100 AS retention_ratio FROM "dataset_view" WHERE EXTRACT(YEAR FROM "ac_month_date") = 2025 GROUP BY "lob";
[RUN] SELECT (SUM(COALESCE(TRY_CAST("nwp" AS DOUBLE), 0)) / NULLIF(SUM(COALESCE(TRY_CAST("gwp_total" AS DOUBLE), 0)), 0)) * 100 AS retention_ratio FROM "dataset_view" WHERE EXTRACT(YEAR FROM "ac_month_date") = 2025;
[RUN] SELECT "lob", SUM(COALESCE(TRY_CAST("gwp_total" AS DOUBLE), 0)) AS total_gwp, SUM(COALESCE(TRY_CAST("nwp" AS DOUBLE), 0)) AS total_nwp FROM "dataset_view" WHERE EXTRACT(YEAR FROM "ac_month_date") = 2025 GROUP BY "lob"
[RUN] SELECT "agent_no", (SUM(COALESCE(TRY_CAST("nwp" AS DOUBLE), 0)) / NULLIF(SUM(COALESCE(TRY_CAST("gwp" AS DOUBLE), 0)), 0)) * 100 AS retention_ratio FROM "dataset_view" WHERE EXTRACT(YEAR FROM "ac_month_date") = 2025 GROUP BY "agent_no" ORDER BY retention_ratio DESC LIMIT 10;
[RUN] SELECT agent_no, SUM(try_cast("gwp" as double)) as total_gwp FROM dataset_view WHERE lower(lob) LIKE '%fire%' AND EXTRACT(YEAR FROM "ac_month_date") = 2025 GROUP BY agent_no ORDER BY total_gwp DESC LIMIT 5
[RUN] SELECT agent_no, SUM(try_cast("gwp" as double)) as total_gwp FROM dataset_view WHERE lower(lob) LIKE '%fire%' AND EXTRACT(YEAR FROM "ac_month_date") = 2025 GROUP BY agent_no ORDER BY total_gwp DESC LIMIT 5
[RUN] SELECT (SUM(COALESCE(TRY_CAST("nwp" AS DOUBLE), 0)) / NULLIF(SUM(COALESCE(TRY_CAST("gwp" AS DOUBLE), 0)), 0)) * 100 AS retention_ratio FROM "dataset_view" WHERE EXTRACT(YEAR FROM "ac_month_date") = 2025
[RUN] SELECT "lob", (SUM(COALESCE(TRY_CAST("nwp" AS DOUBLE), 0)) / NULLIF(SUM(COALESCE(TRY_CAST("gwp" AS DOUBLE), 0)), 0)) * 100 AS "retention_ratio" FROM "dataset_view" WHERE EXTRACT(YEAR FROM "ac_month_date") = 2025 GROUP BY "lob"
[RUN] SELECT "agent_no", (SUM(COALESCE(TRY_CAST("nwp" AS DOUBLE), 0)) / NULLIF(SUM(COALESCE(TRY_CAST("gwp_total" AS DOUBLE), 0)), 0)) * 100 AS "retention_ratio" FROM "dataset_view" WHERE EXTRACT(YEAR FROM "ac_month_date") = 2025 GROUP BY "agent_no" ORDER BY "retention_ratio" DESC LIMIT 10;
[RUN] SELECT "agent_no", (SUM(COALESCE(TRY_CAST("nwp" AS DOUBLE), 0)) / NULLIF(SUM(COALESCE(TRY_CAST("gwp_total" AS DOUBLE), 0)), 0)) * 100 AS "retention_ratio" FROM "dataset_view" WHERE EXTRACT(YEAR FROM "ac_month_date") = 2025 GROUP BY "agent_no" ORDER BY "retention_ratio" DESC LIMIT 10;
[RUN] SELECT "agent_no", (SUM(COALESCE(TRY_CAST("nwp" AS DOUBLE), 0)) / NULLIF(SUM(COALESCE(TRY_CAST("gwp" AS DOUBLE), 0)), 0)) * 100 AS retention_ratio FROM "dataset_view" WHERE EXTRACT(YEAR FROM "ac_month_date") = 2025 AND "agent_type" = 'Fire' GROUP BY "agent_no" ORDER BY retention_ratio DESC LIMIT 5;
[RUN] SELECT "agent_no", (SUM(COALESCE(TRY_CAST("nwp" AS DOUBLE), 0)) / NULLIF(SUM(COALESCE(TRY_CAST("gwp" AS DOUBLE), 0)), 0)) * 100 AS "retention_ratio" FROM "dataset_view" WHERE "lob" = 'Fire' AND EXTRACT(YEAR FROM "ac_month_date") = 2025 GROUP BY "agent_no" ORDER BY "retention_ratio" DESC LIMIT 5;
[RUN] SELECT "agent_no", SUM(COALESCE(TRY_CAST("gwp_total" AS DOUBLE), 0)) AS total_gwp, SUM(COALESCE(TRY_CAST("nwp" AS DOUBLE), 0)) AS total_nwp FROM "dataset_view" WHERE "agent_no" IN ('00000000', '02026233') GROUP BY "agent_no";
[RUN] SELECT "agent_no", SUM(COALESCE(TRY_CAST("gwp" AS DOUBLE), 0)) AS total_gwp FROM "dataset_view" WHERE "lob" = 'Fire' AND EXTRACT(YEAR FROM "ac_month_date") = 2025 GROUP BY "agent_no" ORDER BY total_gwp DESC LIMIT 5;
[RUN] SELECT "agent_no", (SUM(COALESCE(TRY_CAST("nwp" AS DOUBLE), 0)) / NULLIF(SUM(COALESCE(TRY_CAST("gwp_total" AS DOUBLE), 0)), 0)) * 100 AS "retention_ratio" FROM "dataset_view" WHERE EXTRACT(YEAR FROM "ac_month_date") = 2025 GROUP BY "agent_no" ORDER BY "retention_ratio" DESC LIMIT 10;
[RUN] SELECT "agent_no", (SUM(COALESCE(TRY_CAST("nwp" AS DOUBLE), 0)) / NULLIF(SUM(COALESCE(TRY_CAST("gwp_total" AS DOUBLE), 0)), 0)) * 100 AS "retention_ratio" FROM "dataset_view" WHERE EXTRACT(YEAR FROM "ac_month_date") = 2025 GROUP BY "agent_no" ORDER BY "retention_ratio" DESC LIMIT 10;
[RUN] SELECT "agent_no", (SUM(COALESCE(TRY_CAST("nwp" AS DOUBLE), 0)) / NULLIF(SUM(COALESCE(TRY_CAST("gwp_total" AS DOUBLE), 0)), 0)) * 100 AS "retention_ratio" FROM "dataset_view" WHERE EXTRACT(YEAR FROM "ac_month_date") = 2025 GROUP BY "agent_no" ORDER BY "retention_ratio" DESC LIMIT 10;
[RUN] SELECT "agent_no", (SUM(COALESCE(TRY_CAST("nwp" AS DOUBLE), 0)) / NULLIF(SUM(COALESCE(TRY_CAST("gwp" AS DOUBLE), 0)), 0)) * 100 AS retention_ratio FROM "dataset_view" WHERE EXTRACT(YEAR FROM "ac_month_date") = 2025 GROUP BY "agent_no" ORDER BY retention_ratio DESC LIMIT 10;
[RUN] SELECT "agent_no", (SUM(COALESCE(TRY_CAST("nwp" AS DOUBLE), 0)) / NULLIF(SUM(COALESCE(TRY_CAST("gwp" AS DOUBLE), 0)), 0)) * 100 AS retention_ratio FROM "dataset_view" WHERE EXTRACT(YEAR FROM "ac_month_date") = 2025 GROUP BY "agent_no" ORDER BY retention_ratio DESC LIMIT 10;
[RUN] SELECT "agent_no", (SUM(COALESCE(TRY_CAST("nwp" AS DOUBLE), 0)) / NULLIF(SUM(COALESCE(TRY_CAST("gwp" AS DOUBLE), 0)), 0)) * 100 AS "Retention Ratio" FROM "dataset_view" WHERE EXTRACT(YEAR FROM "ac_month_date") = 2025 GROUP BY "agent_no" ORDER BY "Retention Ratio" DESC LIMIT 10;
[RUN] SELECT "agent_no", (SUM(COALESCE(TRY_CAST("nwp" AS DOUBLE), 0)) / NULLIF(SUM(COALESCE(TRY_CAST("gwp" AS DOUBLE), 0)), 0)) * 100 AS "Retention Ratio" FROM "dataset_view" WHERE EXTRACT(YEAR FROM "ac_month_date") = 2025 GROUP BY "agent_no" ORDER BY "Retention Ratio" DESC LIMIT 10;
[RUN] SELECT 'Error: The requested column has been restricted by the Administrator for AI analysis.' AS insight;
[RUN] SELECT "agent_no", EXTRACT(YEAR FROM "ac_month_date") AS year, (SUM(COALESCE(TRY_CAST("nwp" AS DOUBLE), 0)) / NULLIF(SUM(COALESCE(TRY_CAST("gwp" AS DOUBLE), 0)), 0)) * 100 AS retention_ratio FROM "dataset_view" WHERE "agent_no" IN (SELECT "agent_no" FROM "dataset_view" WHERE EXTRACT(YEAR FROM "ac_month_date") = 2025 GROUP BY "agent_no" ORDER BY (SUM(COALESCE(TRY_CAST("nwp" AS DOUBLE), 0)) / NULLIF(SUM(COALESCE(TRY_CAST("gwp" AS DOUBLE), 0)), 0)) * 100 DESC LIMIT 10) AND src <> 'JRNL' GROUP BY "agent_no", year ORDER BY "agent_no", year
[RUN] SELECT "agent_no", (SUM(COALESCE(TRY_CAST("nwp" AS DOUBLE), 0)) / NULLIF(SUM(COALESCE(TRY_CAST("gwp" AS DOUBLE), 0)), 0)) * 100 AS "Retention Ratio" FROM "dataset_view" WHERE EXTRACT(YEAR FROM "ac_month_date") = 2025 GROUP BY "agent_no" HAVING SUM(COALESCE(TRY_CAST("gwp" AS DOUBLE), 0)) > 0 AND SUM(COALESCE(TRY_CAST("nwp" AS DOUBLE), 0)) > 0 ORDER BY "Retention Ratio" DESC LIMIT 10
[RUN] SELECT SUM(COALESCE(TRY_CAST("gwp" AS DOUBLE), 0)) AS total_gwp, SUM(COALESCE(TRY_CAST("gic" AS DOUBLE), 0)) AS total_gic, SUM(COALESCE(TRY_CAST("gep" AS DOUBLE), 0)) AS total_gep FROM "dataset_view" WHERE "lob" = 'fire' AND EXTRACT(YEAR FROM "ac_month_date") = 2025
[RUN] SELECT SUM(COALESCE(TRY_CAST("gwp" AS DOUBLE), 0)) AS total_gwp, SUM(COALESCE(TRY_CAST("gep" AS DOUBLE), 0)) AS total_gep, SUM(COALESCE(TRY_CAST("gic" AS DOUBLE), 0)) AS total_gic FROM "dataset_view" WHERE "lob" = 'fire' AND EXTRACT(YEAR FROM "ac_month_date") = 2025
[RUN] SELECT EXTRACT(YEAR FROM "ac_month_date") AS year, SUM(COALESCE(TRY_CAST("gwp" AS DOUBLE), 0)) AS total_gwp, SUM(COALESCE(TRY_CAST("gep" AS DOUBLE), 0)) AS total_gep, SUM(COALESCE(TRY_CAST("gic" AS DOUBLE), 0)) AS total_gic FROM "dataset_view" WHERE "lob" = 'fire' GROUP BY year ORDER BY year
[RUN] SELECT "lob", EXTRACT(YEAR FROM "ac_month_date") AS year, SUM(COALESCE(TRY_CAST("gwp_total" AS DOUBLE), 0)) AS total_gwp FROM "dataset_view" WHERE EXTRACT(YEAR FROM "ac_month_date") IN (2024, 2025) GROUP BY "lob", year HAVING SUM(COALESCE(TRY_CAST("gwp_total" AS DOUBLE), 0)) > 0
[RUN] SELECT SUM(COALESCE(TRY_CAST("gwp_total" AS DOUBLE), 0)) AS total_gwp, SUM(COALESCE(TRY_CAST("gic" AS DOUBLE), 0)) AS total_gic, SUM(COALESCE(TRY_CAST("nop_t" AS INTEGER), 0)) AS total_nop FROM "dataset_view" WHERE "reporting_branch_name" = 'ALOR SETAR'
[RUN] SELECT "channel", SUM(COALESCE(TRY_CAST("gwp" AS DOUBLE), 0)) as total_gwp, SUM(COALESCE(TRY_CAST("gic" AS DOUBLE), 0)) as total_gic, SUM(COALESCE(TRY_CAST("nop_t" AS DOUBLE), 0)) as total_nop FROM "dataset_view" WHERE "channel" = 'POS/AFFINITY' GROUP BY "channel";
[RUN] SELECT "lob", EXTRACT(YEAR FROM "ac_month_date") AS year, SUM(COALESCE(TRY_CAST("gwp_total" AS DOUBLE), 0)) AS total_gwp FROM "dataset_view" WHERE EXTRACT(YEAR FROM "ac_month_date") IN (2024, 2025) GROUP BY "lob", year HAVING SUM(COALESCE(TRY_CAST("gwp_total" AS DOUBLE), 0)) > 0
[RUN] SELECT STRFTIME('%Y-%m', "ac_month_date") AS month, SUM(COALESCE(TRY_CAST("gwp" AS DOUBLE), 0)) AS total_gwp_2024 FROM "dataset_view" WHERE EXTRACT(YEAR FROM "ac_month_date") = 2024 GROUP BY STRFTIME('%Y-%m', "ac_month_date") ORDER BY month
[RUN] SELECT "lob", SUM(COALESCE(TRY_CAST("gwp_total" AS DOUBLE), 0)) FILTER (WHERE EXTRACT(YEAR FROM "ac_month_date") = 2024) AS gwp_2024, SUM(COALESCE(TRY_CAST("gwp_total" AS DOUBLE), 0)) FILTER (WHERE EXTRACT(YEAR FROM "ac_month_date") = 2025) AS gwp_2025 FROM "dataset_view" GROUP BY "lob" HAVING SUM(COALESCE(TRY_CAST("gwp_total" AS DOUBLE), 0)) FILTER (WHERE EXTRACT(YEAR FROM "ac_month_date") = 2024) > 0 AND SUM(COALESCE(TRY_CAST("gwp_total" AS DOUBLE), 0)) FILTER (WHERE EXTRACT(YEAR FROM "ac_month_date") = 2025) > 0
[RUN] SELECT "lob", EXTRACT(YEAR FROM "ac_month_date") AS year, SUM(COALESCE(TRY_CAST("gwp_total" AS DOUBLE), 0)) AS total_gwp FROM "dataset_view" WHERE EXTRACT(YEAR FROM "ac_month_date") IN (2024, 2025) GROUP BY "lob", year HAVING SUM(COALESCE(TRY_CAST("gwp_total" AS DOUBLE), 0)) > 0
[RUN] SELECT "lob", SUM(COALESCE(TRY_CAST("gwp_total" AS DOUBLE), 0)) FILTER (WHERE EXTRACT(YEAR FROM "ac_month_date") = 2024) AS gwp_2024, SUM(COALESCE(TRY_CAST("gwp_total" AS DOUBLE), 0)) FILTER (WHERE EXTRACT(YEAR FROM "ac_month_date") = 2025) AS gwp_2025 FROM "dataset_view" GROUP BY "lob" HAVING SUM(COALESCE(TRY_CAST("gwp_total" AS DOUBLE), 0)) FILTER (WHERE EXTRACT(YEAR FROM "ac_month_date") = 2024) > 0 AND SUM(COALESCE(TRY_CAST("gwp_total" AS DOUBLE), 0)) FILTER (WHERE EXTRACT(YEAR FROM "ac_month_date") = 2025) > 0
[RUN] SELECT "lob", SUM(COALESCE(TRY_CAST("gwp_total" AS DOUBLE), 0)) FILTER (WHERE EXTRACT(YEAR FROM "ac_month_date") = 2024) AS gwp_2024, SUM(COALESCE(TRY_CAST("gwp_total" AS DOUBLE), 0)) FILTER (WHERE EXTRACT(YEAR FROM "ac_month_date") = 2025) AS gwp_2025 FROM "dataset_view" GROUP BY "lob" HAVING SUM(COALESCE(TRY_CAST("gwp_total" AS DOUBLE), 0)) FILTER (WHERE EXTRACT(YEAR FROM "ac_month_date") = 2024) > 0 AND SUM(COALESCE(TRY_CAST("gwp_total" AS DOUBLE), 0)) FILTER (WHERE EXTRACT(YEAR FROM "ac_month_date") = 2025) > 0
[RUN] SELECT "lob", SUM(COALESCE(TRY_CAST("gwp_total" AS DOUBLE), 0)) FILTER (WHERE EXTRACT(YEAR FROM "ac_month_date") = 2024) AS gwp_2024, SUM(COALESCE(TRY_CAST("gwp_total" AS DOUBLE), 0)) FILTER (WHERE EXTRACT(YEAR FROM "ac_month_date") = 2025) AS gwp_2025 FROM "dataset_view" GROUP BY "lob" HAVING SUM(COALESCE(TRY_CAST("gwp_total" AS DOUBLE), 0)) FILTER (WHERE EXTRACT(YEAR FROM "ac_month_date") = 2024) > 0 AND SUM(COALESCE(TRY_CAST("gwp_total" AS DOUBLE), 0)) FILTER (WHERE EXTRACT(YEAR FROM "ac_month_date") = 2025) > 0
[RUN] SELECT "lob", SUM(COALESCE(TRY_CAST("gwp_total" AS DOUBLE), 0)) FILTER (WHERE EXTRACT(YEAR FROM "ac_month_date") = 2024) AS gwp_2024, SUM(COALESCE(TRY_CAST("gwp_total" AS DOUBLE), 0)) FILTER (WHERE EXTRACT(YEAR FROM "ac_month_date") = 2025) AS gwp_2025 FROM "dataset_view" GROUP BY "lob" ORDER BY gwp_2025 DESC NULLS LAST;
[RUN] SELECT "lob", SUM(COALESCE(TRY_CAST("gwp_total" AS DOUBLE), 0)) FILTER (WHERE EXTRACT(YEAR FROM "ac_month_date") = 2024) AS gwp_2024, SUM(COALESCE(TRY_CAST("gwp_total" AS DOUBLE), 0)) FILTER (WHERE EXTRACT(YEAR FROM "ac_month_date") = 2025) AS gwp_2025 FROM "dataset_view" GROUP BY "lob" ORDER BY gwp_2025 DESC NULLS LAST;
[RUN] SELECT "lob", SUM(COALESCE(TRY_CAST("gwp_total" AS DOUBLE), 0)) FILTER (WHERE EXTRACT(YEAR FROM "ac_month_date") = 2024) AS gwp_2024, SUM(COALESCE(TRY_CAST("gwp_total" AS DOUBLE), 0)) FILTER (WHERE EXTRACT(YEAR FROM "ac_month_date") = 2025) AS gwp_2025 FROM "dataset_view" GROUP BY "lob" ORDER BY gwp_2025 DESC NULLS LAST
[RUN] SELECT "lob", SUM(COALESCE(TRY_CAST("gwp_total" AS DOUBLE), 0)) FILTER (WHERE EXTRACT(YEAR FROM "ac_month_date") = 2024) AS gwp_2024, SUM(COALESCE(TRY_CAST("gwp_total" AS DOUBLE), 0)) FILTER (WHERE EXTRACT(YEAR FROM "ac_month_date") = 2025) AS gwp_2025 FROM "dataset_view" GROUP BY "lob" ORDER BY gwp_2025 DESC NULLS LAST
[RUN] SELECT SUM(COALESCE(TRY_CAST("gwp_total" AS DOUBLE), 0)) FILTER (WHERE "channel" = 'Alor Setar' AND EXTRACT(YEAR FROM "ac_month_date") = 2024) AS gwp_alor_setar_2024, SUM(COALESCE(TRY_CAST("gwp_total" AS DOUBLE), 0)) FILTER (WHERE "channel" = 'Alor Setar' AND EXTRACT(YEAR FROM "ac_month_date") = 2025) AS gwp_alor_setar_2025, SUM(COALESCE(TRY_CAST("gwp_total" AS DOUBLE), 0)) FILTER (WHERE "channel" = 'Alternative' AND EXTRACT(YEAR FROM "ac_month_date") = 2024) AS gwp_alternative_2024, SUM(COALESCE(TRY_CAST("gwp_total" AS DOUBLE), 0)) FILTER (WHERE "channel" = 'Alternative' AND EXTRACT(YEAR FROM "ac_month_date") = 2025) AS gwp_alternative_2025 FROM "dataset_view" ORDER BY gwp_alor_setar_2025 DESC NULLS LAST
[RUN] SELECT "lob", SUM(COALESCE(TRY_CAST("gwp_total" AS DOUBLE), 0)) AS gwp_total_all_years FROM "dataset_view" GROUP BY "lob" ORDER BY gwp_total_all_years DESC NULLS LAST;
[RUN] SELECT "lob", SUM(COALESCE(TRY_CAST("gwp_total" AS DOUBLE), 0)) FILTER (WHERE EXTRACT(YEAR FROM "ac_month_date") = 2024) AS gwp_2024, SUM(COALESCE(TRY_CAST("gwp_total" AS DOUBLE), 0)) FILTER (WHERE EXTRACT(YEAR FROM "ac_month_date") = 2025) AS gwp_2025 FROM "dataset_view" GROUP BY "lob" ORDER BY gwp_2025 DESC NULLS LAST;
[RUN] SELECT 'Error: The requested column has been restricted by the Administrator for AI analysis.' AS insight;
[RUN] SELECT "lob", SUM(COALESCE(TRY_CAST("gwp_total" AS DOUBLE), 0)) FILTER (WHERE EXTRACT(YEAR FROM "ac_month_date") = 2024) AS gwp_2024, SUM(COALESCE(TRY_CAST("nwp" AS DOUBLE), 0)) FILTER (WHERE EXTRACT(YEAR FROM "ac_month_date") = 2024) AS nwp_2024 FROM "dataset_view" GROUP BY "lob" ORDER BY gwp_2024 DESC NULLS LAST
[RUN] SELECT "lob", (SUM(COALESCE(TRY_CAST("nwp" AS DOUBLE), 0)) / NULLIF(SUM(COALESCE(TRY_CAST("gwp_total" AS DOUBLE), 0)), 0)) * 100 AS retention_ratio FROM "dataset_view" GROUP BY "lob" ORDER BY retention_ratio DESC NULLS LAST
[RUN] SELECT "lob", SUM(COALESCE(TRY_CAST("gwp_total" AS DOUBLE), 0)) AS total_gwp FROM "dataset_view" GROUP BY "lob" ORDER BY total_gwp DESC NULLS LAST;
[RUN] SELECT "lob", SUM(COALESCE(TRY_CAST("gwp_total" AS DOUBLE), 0)) FILTER (WHERE EXTRACT(YEAR FROM "ac_month_date") = 2019) AS gwp_2019, SUM(COALESCE(TRY_CAST("gwp_total" AS DOUBLE), 0)) FILTER (WHERE EXTRACT(YEAR FROM "ac_month_date") = 2020) AS gwp_2020, SUM(COALESCE(TRY_CAST("gwp_total" AS DOUBLE), 0)) FILTER (WHERE EXTRACT(YEAR FROM "ac_month_date") = 2021) AS gwp_2021, SUM(COALESCE(TRY_CAST("gwp_total" AS DOUBLE), 0)) FILTER (WHERE EXTRACT(YEAR FROM "ac_month_date") = 2022) AS gwp_2022, SUM(COALESCE(TRY_CAST("gwp_total" AS DOUBLE), 0)) FILTER (WHERE EXTRACT(YEAR FROM "ac_month_date") = 2023) AS gwp_2023 FROM "dataset_view" GROUP BY "lob" ORDER BY gwp_2023 DESC NULLS LAST;
[RUN] SELECT "lob", (SUM(COALESCE(TRY_CAST("noc" AS DOUBLE), 0)) / NULLIF(SUM(COALESCE(TRY_CAST("nop_total_epr" AS DOUBLE), 0)), 0)) * 100 AS incurred_frequency FROM "dataset_view" GROUP BY "lob" ORDER BY incurred_frequency DESC NULLS LAST;
[RUN] SELECT "lob", (SUM(COALESCE(TRY_CAST("gpd" AS DOUBLE), 0)) / NULLIF(SUM(COALESCE(TRY_CAST("gep" AS DOUBLE), 0)), 0)) * 100 AS gross_paid_loss_ratio FROM "dataset_view" GROUP BY "lob" ORDER BY gross_paid_loss_ratio DESC NULLS LAST;
[RUN] SELECT "lob", 
  (SUM(COALESCE(TRY_CAST("gross_comm" AS DOUBLE), 0)) / NULLIF(SUM(COALESCE(TRY_CAST("piam_expiry_date" AS DOUBLE), 0)), 0)) * 100 AS gross_incurred_loss_ratio 
FROM "dataset_view" 
GROUP BY "lob" 
ORDER BY gross_incurred_loss_ratio DESC NULLS LAST;
[RUN] SELECT "channel", (SUM(COALESCE(TRY_CAST("agent_start_date" AS DOUBLE), 0)) / NULLIF(SUM(COALESCE(TRY_CAST("agent_end_date" AS DOUBLE), 0)), 0)) * 100 AS retention_ratio FROM "dataset_view" GROUP BY "channel" ORDER BY retention_ratio DESC NULLS LAST;
[RUN] SELECT "channel", (SUM(COALESCE(TRY_CAST("agent_end_date" AS DOUBLE), 0)) / NULLIF(SUM(COALESCE(TRY_CAST("agent_start_date" AS DOUBLE), 0)), 0)) * 100 AS retention_ratio_2024, (SUM(COALESCE(TRY_CAST("agent_end_date" AS DOUBLE), 0)) / NULLIF(SUM(COALESCE(TRY_CAST("agent_start_date" AS DOUBLE), 0)), 0)) * 100 AS retention_ratio_2025 FROM "dataset_view" WHERE EXTRACT(YEAR FROM "ac_month_date") = 2024 OR EXTRACT(YEAR FROM "ac_month_date") = 2025 GROUP BY "channel" ORDER BY retention_ratio_2025 DESC NULLS LAST; 
[RUN] SELECT "channel" AS Channel, SUM(COALESCE(TRY_CAST("gwp_total" AS DOUBLE), 0)) FILTER (WHERE EXTRACT(YEAR FROM "ac_month_date") = 2024) AS Total_GWP_2024, SUM(COALESCE(TRY_CAST("nwp" AS DOUBLE), 0)) FILTER (WHERE EXTRACT(YEAR FROM "ac_month_date") = 2024) AS Total_NWP_2024 FROM "dataset_view" GROUP BY "channel" ORDER BY Total_GWP_2024 DESC NULLS LAST
[RUN] SELECT "channel", (SUM(COALESCE(TRY_CAST("nwp" AS DOUBLE), 0)) / NULLIF(SUM(COALESCE(TRY_CAST("gwp" AS DOUBLE), 0)), 0)) * 100 AS "retention_rate" FROM "dataset_view" WHERE EXTRACT(YEAR FROM "ac_month_date") = 2024 GROUP BY "channel" ORDER BY "retention_rate" DESC NULLS LAST;
[RUN] SELECT "channel", (SUM(COALESCE(TRY_CAST("nwp" AS DOUBLE), 0)) FILTER (WHERE EXTRACT(YEAR FROM "ac_month_date") = 2024) / NULLIF(SUM(COALESCE(TRY_CAST("gwp" AS DOUBLE), 0)) FILTER (WHERE EXTRACT(YEAR FROM "ac_month_date") = 2024), 0)) * 100 AS retention_ratio_2024, (SUM(COALESCE(TRY_CAST("nwp" AS DOUBLE), 0)) FILTER (WHERE EXTRACT(YEAR FROM "ac_month_date") = 2025) / NULLIF(SUM(COALESCE(TRY_CAST("gwp" AS DOUBLE), 0)) FILTER (WHERE EXTRACT(YEAR FROM "ac_month_date") = 2025), 0)) * 100 AS retention_ratio_2025 FROM "dataset_view" GROUP BY "channel" HAVING SUM(COALESCE(TRY_CAST("gwp" AS DOUBLE), 0)) FILTER (WHERE EXTRACT(YEAR FROM "ac_month_date") = 2024) > 0 AND SUM(COALESCE(TRY_CAST("gwp" AS DOUBLE), 0)) FILTER (WHERE EXTRACT(YEAR FROM "ac_month_date") = 2025) > 0 ORDER BY retention_ratio_2025 DESC NULLS LAST
[RUN] SELECT "agent_no", SUM(COALESCE(TRY_CAST("gwp" AS DOUBLE), 0)) AS total_gwp, SUM(COALESCE(TRY_CAST("nwp" AS DOUBLE), 0)) AS total_nwp FROM "dataset_view" WHERE "src" <> 'JRNL' GROUP BY "agent_no" ORDER BY total_gwp DESC NULLS LAST LIMIT 5;
[RUN] SELECT "agent_no", (SUM(COALESCE(TRY_CAST("premium_2025" AS DOUBLE), 0)) / NULLIF(SUM(COALESCE(TRY_CAST("premium_2024" AS DOUBLE), 0)), 0)) * 100 AS retention_ratio_2025 FROM "dataset_view" WHERE EXTRACT(YEAR FROM "ac_month_date") IN (2024, 2025) AND "src" <> 'JRNL' GROUP BY "agent_no" HAVING SUM(COALESCE(TRY_CAST("premium_2025" AS DOUBLE), 0)) > 0 AND SUM(COALESCE(TRY_CAST("premium_2024" AS DOUBLE), 0)) > 0 ORDER BY retention_ratio_2025 DESC NULLS LAST LIMIT 5
[ERR] Binder Error: Referenced column "premium_2025" not found in FROM clause!
Candidate bindings: "rm_name", "rm_no", "product_desc", "net_comm", "risk_type"

LINE 1: ..." <> 'JRNL' GROUP BY "agent_no" HAVING SUM(COALESCE(TRY_CAST("premium_2025" AS DOUBLE), 0)) > 0 AND SUM(COALESCE(TRY_CAST...
                                                                        ^
[RUN] SELECT "agent_name", (SUM(COALESCE(TRY_CAST("gwp" AS DOUBLE), 0)) FILTER (WHERE EXTRACT(YEAR FROM CURRENT_DATE) = 2025) / NULLIF(SUM(COALESCE(TRY_CAST("gwp" AS DOUBLE), 0)) FILTER (WHERE EXTRACT(YEAR FROM CURRENT_DATE) = 2024), 0)) * 100 AS retention_ratio_2025 FROM "dataset_view" WHERE src <> 'JRNL' GROUP BY "agent_name" HAVING SUM(COALESCE(TRY_CAST("gwp" AS DOUBLE), 0)) > 0 AND SUM(COALESCE(TRY_CAST("gwp" AS DOUBLE), 0)) FILTER (WHERE EXTRACT(YEAR FROM CURRENT_DATE) = 2024) > 0 ORDER BY retention_ratio_2025 DESC NULLS LAST LIMIT 5
[ERR] Binder Error: Referenced column "src" not found in FROM clause!
Candidate bindings: "subclass", "subclass_name", "severity (gic)", "frequency (gic)"

LINE 1: ...), 0)) * 100 AS retention_ratio_2025 FROM "dataset_view" WHERE src <> 'JRNL' GROUP BY "agent_name" HAVING SUM(COALESCE...
                                                                          ^
[RUN] SELECT "agent_no", (SUM(COALESCE(TRY_CAST("nwp" AS DOUBLE), 0) FILTER (WHERE EXTRACT(YEAR FROM "ac_month_date") = 2025)) / NULLIF(SUM(COALESCE(TRY_CAST("nwp" AS DOUBLE), 0) FILTER (WHERE EXTRACT(YEAR FROM "ac_month_date") = 2024)), 0)) * 100 AS retention_ratio_2025 FROM "dataset_view" WHERE "src" <> 'JRNL' GROUP BY "agent_no" HAVING SUM(COALESCE(TRY_CAST("nwp" AS DOUBLE), 0) FILTER (WHERE EXTRACT(YEAR FROM "ac_month_date") = 2025)) > 0 AND SUM(COALESCE(TRY_CAST("nwp" AS DOUBLE), 0) FILTER (WHERE EXTRACT(YEAR FROM "ac_month_date") = 2024)) > 0 ORDER BY retention_ratio_2025 DESC NULLS LAST LIMIT 5
[ERR] Parser Error: syntax error at or near "FILTER"

LINE 1: ... "agent_no", (SUM(COALESCE(TRY_CAST("nwp" AS DOUBLE), 0) FILTER (WHERE EXTRACT(YEAR FROM "ac_month_date") = 2025...
                                                                    ^
[RUN] SELECT "lob", SUM(COALESCE(TRY_CAST("gwp_total" AS DOUBLE), 0)) FILTER (WHERE EXTRACT(YEAR FROM "ac_month_date") = 2024) AS gwp_2024, SUM(COALESCE(TRY_CAST("gwp_total" AS DOUBLE), 0)) FILTER (WHERE EXTRACT(YEAR FROM "ac_month_date") = 2025) AS gwp_2025 FROM "dataset_view" GROUP BY "lob" ORDER BY gwp_2025 DESC NULLS LAST
[RUN] SELECT "lob", (SUM(COALESCE(TRY_CAST("nwp" AS DOUBLE), 0)) FILTER (WHERE EXTRACT(YEAR FROM "ac_month_date") = 2024) / NULLIF(SUM(COALESCE(TRY_CAST("gwp" AS DOUBLE), 0)) FILTER (WHERE EXTRACT(YEAR FROM "ac_month_date") = 2024), 0)) * 100 AS retention_ratio_2024, (SUM(COALESCE(TRY_CAST("nwp" AS DOUBLE), 0)) FILTER (WHERE EXTRACT(YEAR FROM "ac_month_date") = 2025) / NULLIF(SUM(COALESCE(TRY_CAST("gwp" AS DOUBLE), 0)) FILTER (WHERE EXTRACT(YEAR FROM "ac_month_date") = 2025), 0)) * 100 AS retention_ratio_2025 FROM "dataset_view" GROUP BY "lob" HAVING SUM(COALESCE(TRY_CAST("gwp" AS DOUBLE), 0)) FILTER (WHERE EXTRACT(YEAR FROM "ac_month_date") = 2024) > 0 AND SUM(COALESCE(TRY_CAST("gwp" AS DOUBLE), 0)) FILTER (WHERE EXTRACT(YEAR FROM "ac_month_date") = 2025) > 0 ORDER BY retention_ratio_2025 DESC NULLS LAST
[RUN] SELECT "agent_no", (SUM(COALESCE(TRY_CAST("nwp" AS DOUBLE), 0) FILTER (WHERE EXTRACT(YEAR FROM "ac_month_date") = 2025)) / NULLIF(SUM(COALESCE(TRY_CAST("nwp" AS DOUBLE), 0) FILTER (WHERE EXTRACT(YEAR FROM "ac_month_date") = 2024)), 0)) * 100 AS retention_ratio_2025 FROM "dataset_view" WHERE "src" <> 'JRNL' GROUP BY "agent_no" HAVING SUM(COALESCE(TRY_CAST("nwp" AS DOUBLE), 0) FILTER (WHERE EXTRACT(YEAR FROM "ac_month_date") = 2025)) > 0 AND SUM(COALESCE(TRY_CAST("nwp" AS DOUBLE), 0) FILTER (WHERE EXTRACT(YEAR FROM "ac_month_date") = 2024)) > 0 ORDER BY retention_ratio_2025 DESC NULLS LAST LIMIT 5
[ERR] Parser Error: syntax error at or near "FILTER"

LINE 1: ... "agent_no", (SUM(COALESCE(TRY_CAST("nwp" AS DOUBLE), 0) FILTER (WHERE EXTRACT(YEAR FROM "ac_month_date") = 2025...
                                                                    ^
[RUN] SELECT "lob", SUM(COALESCE(TRY_CAST("gwp" AS DOUBLE), 0)) AS total_gwp FROM "dataset_view" GROUP BY "lob" ORDER BY total_gwp DESC NULLS LAST LIMIT 5;
[RUN] SELECT "channel", (SUM(COALESCE(TRY_CAST("nwp" AS DOUBLE), 0)) FILTER (WHERE EXTRACT(YEAR FROM "ac_month_date") = 2024) / NULLIF(SUM(COALESCE(TRY_CAST("gwp_total" AS DOUBLE), 0)) FILTER (WHERE EXTRACT(YEAR FROM "ac_month_date") = 2024), 0)) * 100 AS retention_ratio_2024, (SUM(COALESCE(TRY_CAST("nwp" AS DOUBLE), 0)) FILTER (WHERE EXTRACT(YEAR FROM "ac_month_date") = 2025) / NULLIF(SUM(COALESCE(TRY_CAST("gwp_total" AS DOUBLE), 0)) FILTER (WHERE EXTRACT(YEAR FROM "ac_month_date") = 2025), 0)) * 100 AS retention_ratio_2025 FROM "dataset_view" GROUP BY "channel" HAVING SUM(COALESCE(TRY_CAST("gwp_total" AS DOUBLE), 0)) FILTER (WHERE EXTRACT(YEAR FROM "ac_month_date") = 2024) > 0 AND SUM(COALESCE(TRY_CAST("gwp_total" AS DOUBLE), 0)) FILTER (WHERE EXTRACT(YEAR FROM "ac_month_date") = 2025) > 0 AND SUM(COALESCE(TRY_CAST("nwp" AS DOUBLE), 0)) FILTER (WHERE EXTRACT(YEAR FROM "ac_month_date") = 2024) > 0 AND SUM(COALESCE(TRY_CAST("nwp" AS DOUBLE), 0)) FILTER (WHERE EXTRACT(YEAR FROM "ac_month_date") = 2025) > 0 ORDER BY retention_ratio_2025 DESC NULLS LAST;
[RUN] SELECT "agent_no", SUM(COALESCE(TRY_CAST("gwp" AS DOUBLE), 0)) AS total_gwp_2025 FROM "dataset_view" WHERE EXTRACT(YEAR FROM "ac_month_date") = 2025 AND "agent_no" IS NOT NULL GROUP BY "agent_no" ORDER BY total_gwp_2025 DESC NULLS LAST LIMIT 5;
[RUN] SELECT "agent_no", "agent_type", "agent_status", "agent_start_date", "agent_end_date", "piam_expiry_date", "his_behavioural_segment" FROM "dataset_view" WHERE "agent_no" = '00405657'
[RUN] SELECT "lob", SUM(COALESCE(TRY_CAST("gwp" AS DOUBLE), 0)) AS total_gwp, SUM(COALESCE(TRY_CAST("nwp" AS DOUBLE), 0)) AS total_nwp FROM "dataset_view" WHERE "agent_no" = '00405657' GROUP BY "lob" ORDER BY total_gwp DESC NULLS LAST;
[RUN] SELECT "lob", SUM(COALESCE(TRY_CAST("gwp" AS DOUBLE), 0)) FILTER (WHERE EXTRACT(YEAR FROM "ac_month_date") = 2024) AS gwp_2024, SUM(COALESCE(TRY_CAST("nwp" AS DOUBLE), 0)) FILTER (WHERE EXTRACT(YEAR FROM "ac_month_date") = 2024) AS nwp_2024, SUM(COALESCE(TRY_CAST("gwp" AS DOUBLE), 0)) FILTER (WHERE EXTRACT(YEAR FROM "ac_month_date") = 2025) AS gwp_2025, SUM(COALESCE(TRY_CAST("nwp" AS DOUBLE), 0)) FILTER (WHERE EXTRACT(YEAR FROM "ac_month_date") = 2025) AS nwp_2025 FROM "dataset_view" GROUP BY "lob" ORDER BY gwp_2025 DESC NULLS LAST;
[RUN] SELECT "lob", (SUM(COALESCE(TRY_CAST("gic" AS DOUBLE), 0)) / NULLIF(SUM(COALESCE(TRY_CAST("gwp" AS DOUBLE), 0)), 0)) * 100 AS gross_written_loss_ratio FROM "dataset_view" WHERE EXTRACT(YEAR FROM "ac_month_date") = 2025 GROUP BY "lob" ORDER BY gross_written_loss_ratio DESC NULLS LAST;
[RUN] SELECT (SUM(COALESCE(TRY_CAST("gic" AS DOUBLE), 0)) / NULLIF(SUM(COALESCE(TRY_CAST("gwp" AS DOUBLE), 0)), 0)) * 100 AS gross_written_loss_ratio_2025 FROM "dataset_view" WHERE EXTRACT(YEAR FROM "ac_month_date") = 2025;
[RUN] SELECT "agent_no", 
(SUM(COALESCE(TRY_CAST("gic" AS DOUBLE), 0)) / NULLIF(SUM(COALESCE(TRY_CAST("gwp" AS DOUBLE), 0)), 0)) * 100 AS gross_written_loss_ratio 
FROM "dataset_view" 
WHERE EXTRACT(YEAR FROM "ac_month_date") = 2025 
GROUP BY "agent_no" 
ORDER BY gross_written_loss_ratio DESC NULLS LAST 
LIMIT 5
[RUN] SELECT "agent_no", (SUM(COALESCE(TRY_CAST("nwp" AS DOUBLE), 0)) / NULLIF(SUM(COALESCE(TRY_CAST("gwp" AS DOUBLE), 0)), 0)) * 100 AS retention_ratio_2024 FROM "dataset_view" WHERE EXTRACT(YEAR FROM "ac_month_date") = 2024 GROUP BY "agent_no" ORDER BY retention_ratio_2024 DESC NULLS LAST LIMIT 5;
[RUN] SELECT "agent_no", (SUM(COALESCE(TRY_CAST("nwp" AS DOUBLE), 0) FILTER (WHERE EXTRACT(YEAR FROM "ac_month_date") = 2025)) / NULLIF(SUM(COALESCE(TRY_CAST("nwp" AS DOUBLE), 0) FILTER (WHERE EXTRACT(YEAR FROM "ac_month_date") = 2024)), 0)) * 100 AS retention_ratio_2025 FROM "dataset_view" WHERE "src" <> 'JRNL' GROUP BY "agent_no" HAVING SUM(COALESCE(TRY_CAST("nwp" AS DOUBLE), 0) FILTER (WHERE EXTRACT(YEAR FROM "ac_month_date") = 2025)) > 0 AND SUM(COALESCE(TRY_CAST("nwp" AS DOUBLE), 0) FILTER (WHERE EXTRACT(YEAR FROM "ac_month_date") = 2024)) > 0 ORDER BY retention_ratio_2025 DESC NULLS LAST LIMIT 5
[ERR] Parser Error: syntax error at or near "FILTER"

LINE 1: ... "agent_no", (SUM(COALESCE(TRY_CAST("nwp" AS DOUBLE), 0) FILTER (WHERE EXTRACT(YEAR FROM "ac_month_date") = 2025...
                                                                    ^
[RUN] SELECT "lob", (SUM(COALESCE(TRY_CAST("nwp" AS DOUBLE), 0)) FILTER (WHERE EXTRACT(YEAR FROM "ac_month_date") = 2024) / NULLIF(SUM(COALESCE(TRY_CAST("gwp" AS DOUBLE), 0)) FILTER (WHERE EXTRACT(YEAR FROM "ac_month_date") = 2024), 0)) * 100 AS retention_ratio_2024, (SUM(COALESCE(TRY_CAST("nwp" AS DOUBLE), 0)) FILTER (WHERE EXTRACT(YEAR FROM "ac_month_date") = 2025) / NULLIF(SUM(COALESCE(TRY_CAST("gwp" AS DOUBLE), 0)) FILTER (WHERE EXTRACT(YEAR FROM "ac_month_date") = 2025), 0)) * 100 AS retention_ratio_2025 FROM "dataset_view" GROUP BY "lob" HAVING SUM(COALESCE(TRY_CAST("gwp" AS DOUBLE), 0)) FILTER (WHERE EXTRACT(YEAR FROM "ac_month_date") = 2024) > 0 AND SUM(COALESCE(TRY_CAST("gwp" AS DOUBLE), 0)) FILTER (WHERE EXTRACT(YEAR FROM "ac_month_date") = 2025) > 0 ORDER BY retention_ratio_2025 DESC NULLS LAST;
[RUN] SELECT "agent_no", (SUM(COALESCE(TRY_CAST("nwp" AS DOUBLE), 0)) / NULLIF(SUM(COALESCE(TRY_CAST("gwp" AS DOUBLE), 0)), 0)) * 100 AS retention_ratio_2024, (SUM(COALESCE(TRY_CAST("nwp" AS DOUBLE), 0)) FILTER (WHERE EXTRACT(YEAR FROM "ac_month_date") = 2025) / NULLIF(SUM(COALESCE(TRY_CAST("gwp" AS DOUBLE), 0)) FILTER (WHERE EXTRACT(YEAR FROM "ac_month_date") = 2025), 0)) * 100 AS retention_ratio_2025 FROM "dataset_view" WHERE src <> 'JRNL' GROUP BY "agent_no" HAVING SUM(COALESCE(TRY_CAST("gwp" AS DOUBLE), 0)) > 0 AND SUM(COALESCE(TRY_CAST("nwp" AS DOUBLE), 0)) > 0 ORDER BY retention_ratio_2025 DESC NULLS LAST LIMIT 5;
[RUN] SELECT "agent_no", (SUM(COALESCE(TRY_CAST("nwp" AS DOUBLE), 0) FILTER (WHERE EXTRACT(YEAR FROM "ac_month_date") = 2025)) / NULLIF(SUM(COALESCE(TRY_CAST("gwp" AS DOUBLE), 0) FILTER (WHERE EXTRACT(YEAR FROM "ac_month_date") = 2025)), 0)) * 100 AS retention_ratio_2025 FROM "dataset_view" WHERE "agent_no" IS NOT NULL GROUP BY "agent_no" ORDER BY retention_ratio_2025 DESC NULLS LAST LIMIT 5;
[ERR] Parser Error: syntax error at or near "FILTER"

LINE 1: ... "agent_no", (SUM(COALESCE(TRY_CAST("nwp" AS DOUBLE), 0) FILTER (WHERE EXTRACT(YEAR FROM "ac_month_date") = 2025...
                                                                    ^
[RUN] SELECT "agent_no", (SUM(COALESCE(TRY_CAST("nwp" AS DOUBLE), 0)) FILTER (WHERE EXTRACT(YEAR FROM "ac_month_date") = 2025) / NULLIF(SUM(COALESCE(TRY_CAST("gwp" AS DOUBLE), 0)) FILTER (WHERE EXTRACT(YEAR FROM "ac_month_date") = 2025), 0)) * 100 AS retention_ratio_2025, (SUM(COALESCE(TRY_CAST("nwp" AS DOUBLE), 0)) FILTER (WHERE EXTRACT(YEAR FROM "ac_month_date") = 2024) / NULLIF(SUM(COALESCE(TRY_CAST("gwp" AS DOUBLE), 0)) FILTER (WHERE EXTRACT(YEAR FROM "ac_month_date") = 2024), 0)) * 100 AS retention_ratio_2024 FROM "dataset_view" WHERE "src" <> 'JRNL' GROUP BY "agent_no" HAVING SUM(COALESCE(TRY_CAST("gwp" AS DOUBLE), 0)) FILTER (WHERE EXTRACT(YEAR FROM "ac_month_date") = 2025) > 0 AND SUM(COALESCE(TRY_CAST("nwp" AS DOUBLE), 0)) FILTER (WHERE EXTRACT(YEAR FROM "ac_month_date") = 2025) > 0 ORDER BY retention_ratio_2025 DESC NULLS LAST LIMIT 5
[RUN] SELECT "agent_no", (SUM(COALESCE(TRY_CAST("nwp" AS DOUBLE), 0)) FILTER (WHERE EXTRACT(YEAR FROM "ac_month_date") = 2024) / NULLIF(SUM(COALESCE(TRY_CAST("gwp" AS DOUBLE), 0)) FILTER (WHERE EXTRACT(YEAR FROM "ac_month_date") = 2023), 0)) * 100 AS retention_ratio_2024 FROM "dataset_view" WHERE "src" <> 'JRNL' GROUP BY "agent_no" HAVING SUM(COALESCE(TRY_CAST("gwp" AS DOUBLE), 0)) FILTER (WHERE EXTRACT(YEAR FROM "ac_month_date") = 2023) > 0 AND SUM(COALESCE(TRY_CAST("nwp" AS DOUBLE), 0)) FILTER (WHERE EXTRACT(YEAR FROM "ac_month_date") = 2024) > 0 ORDER BY retention_ratio_2024 DESC NULLS LAST LIMIT 5;
[RUN] SELECT "agent_no", (SUM(COALESCE(TRY_CAST("gic" AS DOUBLE), 0)) / NULLIF(SUM(COALESCE(TRY_CAST("gwp" AS DOUBLE), 0)), 0)) * 100 AS gross_written_loss_ratio FROM "dataset_view" WHERE "src" <> 'JRNL' GROUP BY "agent_no" HAVING SUM(COALESCE(TRY_CAST("gwp" AS DOUBLE), 0)) > 0 AND SUM(COALESCE(TRY_CAST("gic" AS DOUBLE), 0)) > 0 ORDER BY gross_written_loss_ratio DESC NULLS LAST LIMIT 5;
[RUN] SELECT "agent_no", (SUM(COALESCE(TRY_CAST("piam_expiry_date" AS DOUBLE), 0)) / NULLIF(SUM(COALESCE(TRY_CAST("agent_end_date" AS DOUBLE), 0)), 0)) * 100 AS retention_ratio_2024 FROM "dataset_view" WHERE EXTRACT(YEAR FROM "ac_month_date") = 2024 AND src <> 'JRNL' GROUP BY "agent_no" ORDER BY retention_ratio_2024 DESC NULLS LAST LIMIT 5;
[RUN] SELECT "agent_no", SUM(TRY_CAST("gwp" AS DOUBLE)) FILTER (WHERE EXTRACT(YEAR FROM "ac_month_date") = 2024) AS gwp_2024 FROM "dataset_view" WHERE EXTRACT(YEAR FROM "ac_month_date") = 2024 GROUP BY "agent_no" ORDER BY gwp_2024 DESC NULLS LAST LIMIT 5;
[RUN] SELECT "agent_no", SUM(COALESCE(TRY_CAST("gwp" AS DOUBLE), 0)) AS gwp_2025 FROM "dataset_view" WHERE EXTRACT(YEAR FROM "ac_month_date") = 2025 GROUP BY "agent_no" ORDER BY gwp_2025 DESC NULLS LAST LIMIT 5;
[RUN] SELECT "lob", (SUM(COALESCE(TRY_CAST("gic" AS DOUBLE), 0)) / NULLIF(SUM(COALESCE(TRY_CAST("gwp" AS DOUBLE), 0)), 0)) * 100 AS gross_written_loss_ratio_2025 FROM "dataset_view" WHERE EXTRACT(YEAR FROM "ac_month_date") = 2025 GROUP BY "lob" ORDER BY gross_written_loss_ratio_2025 DESC NULLS LAST;
[RUN] SELECT "agent", SUM(COALESCE(TRY_CAST("gwp" AS DOUBLE), 0)) AS total_gwp_2024 FROM "dataset_view" WHERE EXTRACT(YEAR FROM "ac_year") = 2024 GROUP BY "agent" ORDER BY total_gwp_2024 DESC NULLS LAST LIMIT 5
[ERR] Invalid Error: 
[RUN] SELECT "agent_no", SUM(TRY_CAST("gwp" AS DOUBLE)) FILTER (WHERE EXTRACT(YEAR FROM "ac_month_date") = 2024) AS gwp_2024 FROM "dataset_view" WHERE EXTRACT(YEAR FROM "ac_month_date") = 2024 GROUP BY "agent_no" ORDER BY gwp_2024 DESC NULLS LAST LIMIT 5;
[RUN] SELECT SUM(COALESCE(TRY_CAST("gwp" AS DOUBLE), 0)) AS total_gwp_2024 FROM "dataset_view" WHERE EXTRACT(YEAR FROM "ac_month_date") = 2024
[RUN] SELECT "agent_no", (SUM(COALESCE(TRY_CAST("gic" AS DOUBLE), 0)) / NULLIF(SUM(COALESCE(TRY_CAST("gwp" AS DOUBLE), 0)), 0)) * 100 AS gross_written_loss_ratio FROM "dataset_view" WHERE "src" <> 'JRNL' GROUP BY "agent_no" HAVING SUM(COALESCE(TRY_CAST("gwp" AS DOUBLE), 0)) > 0 AND SUM(COALESCE(TRY_CAST("gic" AS DOUBLE), 0)) > 0 ORDER BY gross_written_loss_ratio DESC NULLS LAST LIMIT 5;
[RUN] SELECT "lob", SUM(COALESCE(TRY_CAST("gwp" AS DOUBLE), 0)) FILTER (WHERE EXTRACT(YEAR FROM "ac_month_date") = 2024) AS gwp_2024 FROM "dataset_view" GROUP BY "lob" ORDER BY gwp_2024 DESC NULLS LAST LIMIT 5;
[RUN] SELECT "reporting_branch", "lob", (SUM(COALESCE(TRY_CAST("nep" AS DOUBLE), 0)) - SUM(COALESCE(TRY_CAST("nic" AS DOUBLE), 0))) AS profit_2024 FROM "dataset_view" WHERE EXTRACT(YEAR FROM "ac_date") = 2024 GROUP BY "reporting_branch", "lob" ORDER BY profit_2024 DESC NULLS LAST LIMIT 10;
[RUN] SELECT "reporting_branch", "lob", SUM(COALESCE(TRY_CAST("gwp" AS DOUBLE), 0) - COALESCE(TRY_CAST("gic" AS DOUBLE), 0)) FILTER (WHERE EXTRACT(YEAR FROM "ac_date") = 2023) AS profit_2023, SUM(COALESCE(TRY_CAST("gwp" AS DOUBLE), 0) - COALESCE(TRY_CAST("gic" AS DOUBLE), 0)) FILTER (WHERE EXTRACT(YEAR FROM "ac_date") = 2024) AS profit_2024, SUM(COALESCE(TRY_CAST("gwp" AS DOUBLE), 0) - COALESCE(TRY_CAST("gic" AS DOUBLE), 0)) FILTER (WHERE EXTRACT(YEAR FROM "ac_date") = 2025) AS profit_2025, SUM(COALESCE(TRY_CAST("gwp" AS DOUBLE), 0) - COALESCE(TRY_CAST("gic" AS DOUBLE), 0)) FILTER (WHERE EXTRACT(YEAR FROM "ac_date") = 2026) AS profit_2026 FROM "dataset_view" GROUP BY "reporting_branch", "lob" ORDER BY profit_2026 DESC NULLS LAST;
[RUN] SELECT "reporting_branch", (SUM(COALESCE(TRY_CAST("gic" AS DOUBLE), 0)) / NULLIF(SUM(COALESCE(TRY_CAST("gwp" AS DOUBLE), 0)), 0)) * 100 AS "gross_loss_ratio" FROM "dataset_view" WHERE "lob" = 'Motor' AND EXTRACT(YEAR FROM "ac_date") = 2024 GROUP BY "reporting_branch" HAVING SUM(COALESCE(TRY_CAST("gwp" AS DOUBLE), 0)) > 0 ORDER BY "gross_loss_ratio" DESC NULLS LAST LIMIT 5;
[RUN] SELECT "reporting_branch_name", (SUM(COALESCE(TRY_CAST("gic" AS DOUBLE), 0)) / NULLIF(SUM(COALESCE(TRY_CAST("gwp" AS DOUBLE), 0)), 0)) * 100 AS "loss_ratio_motor_2024" FROM "dataset_view" WHERE EXTRACT(YEAR FROM "ac_month_date") = 2024 AND "lob" = 'Motor' GROUP BY "reporting_branch_name" ORDER BY "loss_ratio_motor_2024" DESC NULLS LAST LIMIT 5;
[RUN] SELECT "reporting_branch_name" AS branch, (SUM(COALESCE(TRY_CAST("total_profit_segment" AS DOUBLE), 0)) - SUM(COALESCE(TRY_CAST("lob_profit_segment" AS DOUBLE), 0))) / NULLIF(SUM(COALESCE(TRY_CAST("total_profit_segment" AS DOUBLE), 0)), 0) * 100 AS loss_ratio_2024 FROM "dataset_view" WHERE EXTRACT(YEAR FROM "ac_month_date") = 2024 GROUP BY "reporting_branch_name" ORDER BY loss_ratio_2024 DESC NULLS LAST LIMIT 5;
